{'accent mapping': {0: 4, 1: 5, 2: 6, 3: 4, 4: 4, 5: 2},
 'algorithms params': {'ListRythm': {'rythm_alg(RythmHMM)': {'enable_dp_robs': True,
                                                             'global_robs': False,
                                                             'interval_size': 3072,
                                                             'robs_alpha': 0.5,
                                                             'seed': 234651},
                                     'seed': 234651},
                       'NotesDistr': {'global_profile_prior_weight': 4,
                                      'profile_smooth_factor': 0.050000000000000003,
                                      'proportional_to_duration': True,
                                      'seed': 234651},
                       'PhraseRepetitions': {'alpha': 0.01, 'seed': 234651},
                       'SimpleContourAlgorithm': {'seed': 234651},
                       'TonicHarmonicContext': {'seed': 234651}},
 'args': ['/home/prakuso/tesis/src/trunk/input-mids/favio/schub.d974.mid'],
 'enable_part_repetition': False,
 'folksong_narmour': False,
 'level': 3,
 'load_narmour_pickle': None,
 'max volume': 100,
 'max_pitch': 75,
 'melody_channel': None,
 'melody_instr': None,
 'melody_patch': None,
 'min volume': 60,
 'min_pitch': 51,
 'n_measures': 1,
 'notes_distr_duration': True,
 'offset': 0,
 'only_save_info': False,
 'options': {'enable_part_repetition': False,
             'folksong_narmour': False,
             'level': 3,
             'load_narmour_pickle': None,
             'melody_channel': None,
             'melody_instr': None,
             'melody_patch': None,
             'n_measures': 1,
             'notes_distr_duration': True,
             'offset': 0,
             'only_save_info': False,
             'output_dir': '/home/prakuso/tesis/src/trunk/experiments/phrase_narmour/no_phrase_runs/mids',
             'override': False,
             'params': None,
             'partition_algorithm': 'MEASURE',
             'phrase_narmour': False,
             'rythm_channel': None,
             'rythm_instr': None,
             'rythm_patch': None,
             'save_info': True,
             'save_narmour_pickle': None,
             'seed': 234651,
             'simple_narmour_model': False},
 'output_dir': '/home/prakuso/tesis/src/trunk/experiments/phrase_narmour/no_phrase_runs/mids',
 'output_patch': 33,
 'override': False,
 'params': None,
 'partition_algorithm': 'MEASURE',
 'patch': None,
 'phrase_narmour': False,
 'print_info': False,
 'rythm_channel': None,
 'rythm_instr': None,
 'rythm_patch': None,
 'save_info': True,
 'save_narmour_pickle': None,
 'seed': 234651,
 'simple_narmour_model': False}
