{'accent mapping': {0: 2, 1: 1, 2: 1, 3: 1, 4: 2, 5: 5},
 'algorithms params': {'CacheAlgorithm': {'child(ContourAlgorithm)': {'alternate_support_note_percent': 0.10000000000000001,
                                                                      'middle_note_percent': 1,
                                                                      'seed': 234651,
                                                                      'support_note_percent': 0.29999999999999999,
                                                                      'support_note_strategy': 'random_w_cache'},
                                          'seed': 234651},
                       'NotesDistr': {'global_profile_prior_weight': 4,
                                      'profile_smooth_factor': 0.050000000000000003,
                                      'proportional_to_duration': True},
                       'PhraseRepetitions': {'alpha': 0.01, 'seed': 234651},
                       'RythmCacheAlgorithm': {'child(ListRythm)': {'rythm_alg(RythmHMM)': {'enable_dp_robs': True,
                                                                                            'global_robs': False,
                                                                                            'interval_size': 3072,
                                                                                            'robs_alpha': 0.5,
                                                                                            'seed': 234651},
                                                                    'seed': 234651},
                                               'seed': 234651},
                       'TonicHarmonicContext': {}},
 'args': ['/home/prakuso/tesis/src/trunk/input-mids/favio/schub.d974.mid'],
 'enable_part_repetition': True,
 'folksong_narmour': False,
 'level': 3,
 'load_narmour_pickle': None,
 'max volume': 83,
 'max_pitch': 75,
 'melody_channel': None,
 'melody_instr': None,
 'melody_patch': None,
 'min volume': 60,
 'min_pitch': 51,
 'n_measures': 1,
 'notes_distr_duration': True,
 'offset': 0,
 'only_save_info': False,
 'options': {'enable_part_repetition': True,
             'folksong_narmour': False,
             'level': 3,
             'load_narmour_pickle': None,
             'melody_channel': None,
             'melody_instr': None,
             'melody_patch': None,
             'n_measures': 1,
             'notes_distr_duration': True,
             'offset': 0,
             'only_save_info': False,
             'output_dir': '/home/prakuso/tesis/src/trunk/experiments/must_percents/b_runs/mids',
             'override': False,
             'params': None,
             'partition_algorithm': 'MEASURE',
             'rythm_channel': None,
             'rythm_instr': None,
             'rythm_patch': None,
             'save_info': True,
             'save_narmour_pickle': None,
             'seed': 234651,
             'simple_narmour_model': False},
 'output_dir': '/home/prakuso/tesis/src/trunk/experiments/must_percents/b_runs/mids',
 'output_patch': 33,
 'override': False,
 'params': None,
 'partition_algorithm': 'MEASURE',
 'patch': None,
 'print_info': False,
 'rythm_channel': None,
 'rythm_instr': None,
 'rythm_patch': None,
 'save_info': True,
 'save_narmour_pickle': None,
 'seed': 234651,
 'simple_narmour_model': False}
